[debug] [2020-09-06T20:53:09.900Z] ----------------------------------------------------------------------
[debug] [2020-09-06T20:53:09.903Z] Command:       /Users/danielhep/.nvm/versions/node/v10.22.0/bin/node /usr/local/bin/firebase serve
[debug] [2020-09-06T20:53:09.903Z] CLI Version:   8.8.1
[debug] [2020-09-06T20:53:09.903Z] Platform:      darwin
[debug] [2020-09-06T20:53:09.903Z] Node Version:  v10.22.0
[debug] [2020-09-06T20:53:09.904Z] Time:          Sun Sep 06 2020 13:53:09 GMT-0700 (Pacific Daylight Time)
[debug] [2020-09-06T20:53:09.904Z] ----------------------------------------------------------------------
[debug] [2020-09-06T20:53:09.904Z] 
[debug] [2020-09-06T20:53:09.915Z] > command requires scopes: ["email","openid","https://www.googleapis.com/auth/cloudplatformprojects.readonly","https://www.googleapis.com/auth/firebase","https://www.googleapis.com/auth/cloud-platform"]
[debug] [2020-09-06T20:53:09.915Z] > authorizing via signed-in user
[debug] [2020-09-06T20:53:09.915Z] [iam] checking project departureboardconfigurator for permissions ["firebase.projects.get"]
[debug] [2020-09-06T20:53:09.919Z] >>> HTTP REQUEST POST https://cloudresourcemanager.googleapis.com/v1/projects/departureboardconfigurator:testIamPermissions  
 {"permissions":["firebase.projects.get"]}
[debug] [2020-09-06T20:53:10.063Z] <<< HTTP RESPONSE 200 {"content-type":"application/json; charset=UTF-8","vary":"X-Origin, Referer, Origin,Accept-Encoding","date":"Sun, 06 Sep 2020 20:53:10 GMT","server":"ESF","cache-control":"private","x-xss-protection":"0","x-frame-options":"SAMEORIGIN","x-content-type-options":"nosniff","server-timing":"gfet4t7; dur=47","alt-svc":"h3-29=\":443\"; ma=2592000,h3-27=\":443\"; ma=2592000,h3-T051=\":443\"; ma=2592000,h3-T050=\":443\"; ma=2592000,h3-Q050=\":443\"; ma=2592000,h3-Q046=\":443\"; ma=2592000,h3-Q043=\":443\"; ma=2592000,quic=\":443\"; ma=2592000; v=\"46,43\"","accept-ranges":"none","transfer-encoding":"chunked"}
[debug] [2020-09-06T20:53:10.065Z] >>> HTTP REQUEST GET https://firebase.googleapis.com/v1beta1/projects/departureboardconfigurator  
 
[debug] [2020-09-06T20:53:10.235Z] <<< HTTP RESPONSE 200 {"content-type":"application/json; charset=UTF-8","vary":"X-Origin, Referer, Origin,Accept-Encoding","date":"Sun, 06 Sep 2020 20:53:10 GMT","server":"ESF","cache-control":"private","x-xss-protection":"0","x-frame-options":"SAMEORIGIN","x-content-type-options":"nosniff","alt-svc":"h3-29=\":443\"; ma=2592000,h3-27=\":443\"; ma=2592000,h3-T051=\":443\"; ma=2592000,h3-T050=\":443\"; ma=2592000,h3-Q050=\":443\"; ma=2592000,h3-Q046=\":443\"; ma=2592000,h3-Q043=\":443\"; ma=2592000,quic=\":443\"; ma=2592000; v=\"46,43\"","accept-ranges":"none","transfer-encoding":"chunked"}
[info] 
[info] === Serving from '/Users/danielhep/Git/departures-mgr'...
[info] 
[debug] [2020-09-06T20:53:10.238Z] >>> HTTP REQUEST GET https://firebase.googleapis.com/v1beta1/projects/departureboardconfigurator/webApps/-/config  
 
[info] ✔  functions: Using node@10 from host. {"metadata":{"emulator":{"name":"functions"},"message":"Using node@10 from host."}}
[debug] [2020-09-06T20:53:10.894Z] <<< HTTP RESPONSE 200 {"content-type":"application/json; charset=UTF-8","vary":"X-Origin, Referer, Origin,Accept-Encoding","date":"Sun, 06 Sep 2020 20:53:10 GMT","server":"ESF","cache-control":"private","x-xss-protection":"0","x-frame-options":"SAMEORIGIN","x-content-type-options":"nosniff","alt-svc":"h3-29=\":443\"; ma=2592000,h3-27=\":443\"; ma=2592000,h3-T051=\":443\"; ma=2592000,h3-T050=\":443\"; ma=2592000,h3-Q050=\":443\"; ma=2592000,h3-Q046=\":443\"; ma=2592000,h3-Q043=\":443\"; ma=2592000,quic=\":443\"; ma=2592000; v=\"46,43\"","accept-ranges":"none","transfer-encoding":"chunked"}
[info] i  functions: Watching "/Users/danielhep/Git/departures-mgr/functions" for Cloud Functions... {"metadata":{"emulator":{"name":"functions"},"message":"Watching \"/Users/danielhep/Git/departures-mgr/functions\" for Cloud Functions..."}}
[debug] [2020-09-06T20:53:10.937Z] [worker-pool] addWorker(~diagnostic~) {"metadata":{"emulator":{"name":"functions"},"message":"[worker-pool] addWorker(~diagnostic~)"}}
[debug] [2020-09-06T20:53:10.937Z] [worker-pool] Adding worker with key ~diagnostic~, total=1 {"metadata":{"emulator":{"name":"functions"},"message":"[worker-pool] Adding worker with key ~diagnostic~, total=1"}}
[debug] [2020-09-06T20:53:10.938Z] [worker-pool] submitWork(triggerId=) {"metadata":{"emulator":{"name":"functions"},"message":"[worker-pool] submitWork(triggerId=)"}}
[debug] [2020-09-06T20:53:10.938Z] [worker-~diagnostic~-872afb0b-1188-4dd8-8de9-a972a2dee0e2]: Assigning socketPath: /var/folders/37/cmqbc4b17gl3k_kb7lr7q8yw0000gn/T/fire_emu_64391.sock {"metadata":{"emulator":{"name":"functions"},"message":"[worker-~diagnostic~-872afb0b-1188-4dd8-8de9-a972a2dee0e2]: Assigning socketPath: /var/folders/37/cmqbc4b17gl3k_kb7lr7q8yw0000gn/T/fire_emu_64391.sock"}}
[debug] [2020-09-06T20:53:10.938Z] [worker-~diagnostic~-872afb0b-1188-4dd8-8de9-a972a2dee0e2]: BUSY {"metadata":{"emulator":{"name":"functions"},"message":"[worker-~diagnostic~-872afb0b-1188-4dd8-8de9-a972a2dee0e2]: BUSY"}}
[info] i  hosting: Serving hosting files from: dist {"metadata":{"emulator":{"name":"hosting"},"message":"Serving hosting files from: \u001b[1mdist\u001b[22m"}}
[info] ✔  hosting: Local server: http://localhost:5000 {"metadata":{"emulator":{"name":"hosting"},"message":"Local server: \u001b[4m\u001b[1mhttp://localhost:5000\u001b[22m\u001b[24m"}}
[debug] [2020-09-06T20:53:11.259Z] [runtime-status] [64391] Functions runtime initialized. {"cwd":"/Users/danielhep/Git/departures-mgr/functions","node_version":"10.22.0"} {"metadata":{"emulator":{"name":"functions"},"message":"[runtime-status] [64391] Functions runtime initialized. {\"cwd\":\"/Users/danielhep/Git/departures-mgr/functions\",\"node_version\":\"10.22.0\"}"}}
[debug] [2020-09-06T20:53:11.260Z] [runtime-status] [64391] Disabled runtime features: undefined {"metadata":{"emulator":{"name":"functions"},"message":"[runtime-status] [64391] Disabled runtime features: undefined"}}
[debug] [2020-09-06T20:53:11.263Z] [runtime-status] [64391] Resolved module firebase-admin {"declared":true,"installed":true,"version":"8.13.0","resolution":"/Users/danielhep/Git/departures-mgr/functions/node_modules/firebase-admin/lib/index.js"} {"metadata":{"emulator":{"name":"functions"},"message":"[runtime-status] [64391] Resolved module firebase-admin {\"declared\":true,\"installed\":true,\"version\":\"8.13.0\",\"resolution\":\"/Users/danielhep/Git/departures-mgr/functions/node_modules/firebase-admin/lib/index.js\"}"}}
[debug] [2020-09-06T20:53:11.264Z] [runtime-status] [64391] Resolved module firebase-functions {"declared":true,"installed":true,"version":"3.9.1","resolution":"/Users/danielhep/Git/departures-mgr/functions/node_modules/firebase-functions/lib/index.js"} {"metadata":{"emulator":{"name":"functions"},"message":"[runtime-status] [64391] Resolved module firebase-functions {\"declared\":true,\"installed\":true,\"version\":\"3.9.1\",\"resolution\":\"/Users/danielhep/Git/departures-mgr/functions/node_modules/firebase-functions/lib/index.js\"}"}}
[debug] [2020-09-06T20:53:11.264Z] [runtime-status] [64391] Resolved module firebase-functions {"declared":true,"installed":true,"version":"3.9.1","resolution":"/Users/danielhep/Git/departures-mgr/functions/node_modules/firebase-functions/lib/index.js"} {"metadata":{"emulator":{"name":"functions"},"message":"[runtime-status] [64391] Resolved module firebase-functions {\"declared\":true,\"installed\":true,\"version\":\"3.9.1\",\"resolution\":\"/Users/danielhep/Git/departures-mgr/functions/node_modules/firebase-functions/lib/index.js\"}"}}
[debug] [2020-09-06T20:53:11.268Z] [runtime-status] [64391] Outgoing network have been stubbed. [{"name":"http","status":"mocked"},{"name":"http","status":"mocked"},{"name":"https","status":"mocked"},{"name":"https","status":"mocked"},{"name":"net","status":"mocked"}] {"metadata":{"emulator":{"name":"functions"},"message":"[runtime-status] [64391] Outgoing network have been stubbed. [{\"name\":\"http\",\"status\":\"mocked\"},{\"name\":\"http\",\"status\":\"mocked\"},{\"name\":\"https\",\"status\":\"mocked\"},{\"name\":\"https\",\"status\":\"mocked\"},{\"name\":\"net\",\"status\":\"mocked\"}]"}}
[debug] [2020-09-06T20:53:11.268Z] [runtime-status] [64391] Resolved module firebase-functions {"declared":true,"installed":true,"version":"3.9.1","resolution":"/Users/danielhep/Git/departures-mgr/functions/node_modules/firebase-functions/lib/index.js"} {"metadata":{"emulator":{"name":"functions"},"message":"[runtime-status] [64391] Resolved module firebase-functions {\"declared\":true,\"installed\":true,\"version\":\"3.9.1\",\"resolution\":\"/Users/danielhep/Git/departures-mgr/functions/node_modules/firebase-functions/lib/index.js\"}"}}
[debug] [2020-09-06T20:53:11.304Z] [runtime-status] [64391] Checked functions.config() {"config":{}} {"metadata":{"emulator":{"name":"functions"},"message":"[runtime-status] [64391] Checked functions.config() {\"config\":{}}"}}
[debug] [2020-09-06T20:53:11.304Z] [runtime-status] [64391] firebase-functions has been stubbed. {"functionsResolution":{"declared":true,"installed":true,"version":"3.9.1","resolution":"/Users/danielhep/Git/departures-mgr/functions/node_modules/firebase-functions/lib/index.js"}} {"metadata":{"emulator":{"name":"functions"},"message":"[runtime-status] [64391] firebase-functions has been stubbed. {\"functionsResolution\":{\"declared\":true,\"installed\":true,\"version\":\"3.9.1\",\"resolution\":\"/Users/danielhep/Git/departures-mgr/functions/node_modules/firebase-functions/lib/index.js\"}}"}}
[debug] [2020-09-06T20:53:11.304Z] [runtime-status] [64391] Resolved module firebase-functions {"declared":true,"installed":true,"version":"3.9.1","resolution":"/Users/danielhep/Git/departures-mgr/functions/node_modules/firebase-functions/lib/index.js"} {"metadata":{"emulator":{"name":"functions"},"message":"[runtime-status] [64391] Resolved module firebase-functions {\"declared\":true,\"installed\":true,\"version\":\"3.9.1\",\"resolution\":\"/Users/danielhep/Git/departures-mgr/functions/node_modules/firebase-functions/lib/index.js\"}"}}
[debug] [2020-09-06T20:53:11.305Z] [runtime-status] [64391] Resolved module firebase-admin {"declared":true,"installed":true,"version":"8.13.0","resolution":"/Users/danielhep/Git/departures-mgr/functions/node_modules/firebase-admin/lib/index.js"} {"metadata":{"emulator":{"name":"functions"},"message":"[runtime-status] [64391] Resolved module firebase-admin {\"declared\":true,\"installed\":true,\"version\":\"8.13.0\",\"resolution\":\"/Users/danielhep/Git/departures-mgr/functions/node_modules/firebase-admin/lib/index.js\"}"}}
[debug] [2020-09-06T20:53:11.305Z] [runtime-status] [64391] Resolved module firebase-functions {"declared":true,"installed":true,"version":"3.9.1","resolution":"/Users/danielhep/Git/departures-mgr/functions/node_modules/firebase-functions/lib/index.js"} {"metadata":{"emulator":{"name":"functions"},"message":"[runtime-status] [64391] Resolved module firebase-functions {\"declared\":true,\"installed\":true,\"version\":\"3.9.1\",\"resolution\":\"/Users/danielhep/Git/departures-mgr/functions/node_modules/firebase-functions/lib/index.js\"}"}}
[debug] [2020-09-06T20:53:11.306Z] [runtime-status] [64391] firebase-admin has been stubbed. {"adminResolution":{"declared":true,"installed":true,"version":"8.13.0","resolution":"/Users/danielhep/Git/departures-mgr/functions/node_modules/firebase-admin/lib/index.js"}} {"metadata":{"emulator":{"name":"functions"},"message":"[runtime-status] [64391] firebase-admin has been stubbed. {\"adminResolution\":{\"declared\":true,\"installed\":true,\"version\":\"8.13.0\",\"resolution\":\"/Users/danielhep/Git/departures-mgr/functions/node_modules/firebase-admin/lib/index.js\"}}"}}
[debug] [2020-09-06T20:53:11.308Z] [worker-~diagnostic~-872afb0b-1188-4dd8-8de9-a972a2dee0e2]: IDLE {"metadata":{"emulator":{"name":"functions"},"message":"[worker-~diagnostic~-872afb0b-1188-4dd8-8de9-a972a2dee0e2]: IDLE"}}
[info] i  hosting: 127.0.0.1 - - [06/Sep/2020:20:53:43 +0000] "GET / HTTP/1.1" 200 959 "-" "Mozilla/5.0 (Macintosh; Intel Mac OS X 10.15; rv:79.0) Gecko/20100101 Firefox/79.0" {"metadata":{"emulator":{"name":"hosting"},"message":"127.0.0.1 - - [06/Sep/2020:20:53:43 +0000] \"GET / HTTP/1.1\" 200 959 \"-\" \"Mozilla/5.0 (Macintosh; Intel Mac OS X 10.15; rv:79.0) Gecko/20100101 Firefox/79.0\""}}
[info] i  hosting: 127.0.0.1 - - [06/Sep/2020:20:53:44 +0000] "GET /js/app.01a99ec3.js HTTP/1.1" 200 6283 "http://localhost:5000/" "Mozilla/5.0 (Macintosh; Intel Mac OS X 10.15; rv:79.0) Gecko/20100101 Firefox/79.0" {"metadata":{"emulator":{"name":"hosting"},"message":"127.0.0.1 - - [06/Sep/2020:20:53:44 +0000] \"GET /js/app.01a99ec3.js HTTP/1.1\" 200 6283 \"http://localhost:5000/\" \"Mozilla/5.0 (Macintosh; Intel Mac OS X 10.15; rv:79.0) Gecko/20100101 Firefox/79.0\""}}
[info] i  hosting: 127.0.0.1 - - [06/Sep/2020:20:53:44 +0000] "GET /css/chunk-vendors.6b7dfbbd.css HTTP/1.1" 200 373841 "http://localhost:5000/" "Mozilla/5.0 (Macintosh; Intel Mac OS X 10.15; rv:79.0) Gecko/20100101 Firefox/79.0" {"metadata":{"emulator":{"name":"hosting"},"message":"127.0.0.1 - - [06/Sep/2020:20:53:44 +0000] \"GET /css/chunk-vendors.6b7dfbbd.css HTTP/1.1\" 200 373841 \"http://localhost:5000/\" \"Mozilla/5.0 (Macintosh; Intel Mac OS X 10.15; rv:79.0) Gecko/20100101 Firefox/79.0\""}}
[info] i  hosting: 127.0.0.1 - - [06/Sep/2020:20:53:44 +0000] "GET /js/chunk-vendors.7c84ee4e.js HTTP/1.1" 200 1428634 "http://localhost:5000/" "Mozilla/5.0 (Macintosh; Intel Mac OS X 10.15; rv:79.0) Gecko/20100101 Firefox/79.0" {"metadata":{"emulator":{"name":"hosting"},"message":"127.0.0.1 - - [06/Sep/2020:20:53:44 +0000] \"GET /js/chunk-vendors.7c84ee4e.js HTTP/1.1\" 200 1428634 \"http://localhost:5000/\" \"Mozilla/5.0 (Macintosh; Intel Mac OS X 10.15; rv:79.0) Gecko/20100101 Firefox/79.0\""}}
[info] i  hosting: 127.0.0.1 - - [06/Sep/2020:20:53:44 +0000] "GET /favicon.ico HTTP/1.1" 200 4286 "-" "Mozilla/5.0 (Macintosh; Intel Mac OS X 10.15; rv:79.0) Gecko/20100101 Firefox/79.0" {"metadata":{"emulator":{"name":"hosting"},"message":"127.0.0.1 - - [06/Sep/2020:20:53:44 +0000] \"GET /favicon.ico HTTP/1.1\" 200 4286 \"-\" \"Mozilla/5.0 (Macintosh; Intel Mac OS X 10.15; rv:79.0) Gecko/20100101 Firefox/79.0\""}}
